{
  "RSpec": {
    "coverage": {
      "/Users/lorraynerocha/Dropbox/launchacademy/Beta_Buddy/BetaBuddy/config/environment.rb": [
        null,
        1,
        null,
        null,
        1
      ],
      "/Users/lorraynerocha/Dropbox/launchacademy/Beta_Buddy/BetaBuddy/config/application.rb": [
        1,
        null,
        null,
        1,
        1,
        1,
        1,
        null,
        null,
        null,
        null,
        1,
        null,
        1,
        1,
        1,
        null,
        null,
        null,
        null,
        null,
        null,
        null,
        null,
        null,
        null,
        null,
        null,
        null
      ],
      "/Users/lorraynerocha/Dropbox/launchacademy/Beta_Buddy/BetaBuddy/config/boot.rb": [
        null,
        1,
        null,
        1
      ],
      "/Users/lorraynerocha/Dropbox/launchacademy/Beta_Buddy/BetaBuddy/config/environments/test.rb": [
        1,
        null,
        null,
        null,
        null,
        null,
        null,
        1,
        null,
        null,
        null,
        null,
        1,
        null,
        null,
        1,
        1,
        null,
        null,
        1,
        1,
        null,
        null,
        1,
        null,
        null,
        1,
        null,
        null,
        null,
        null,
        1,
        null,
        null,
        1,
        null
      ],
      "/Users/lorraynerocha/Dropbox/launchacademy/Beta_Buddy/BetaBuddy/config/initializers/backtrace_silencers.rb": [
        null,
        null,
        null,
        null,
        null,
        null,
        null
      ],
      "/Users/lorraynerocha/Dropbox/launchacademy/Beta_Buddy/BetaBuddy/config/initializers/devise.rb": [
        null,
        null,
        1,
        null,
        null,
        null,
        1,
        null,
        null,
        null,
        null,
        null,
        1,
        null,
        null,
        null,
        null,
        null,
        null,
        null,
        null,
        1,
        null,
        null,
        null,
        null,
        null,
        null,
        null,
        null,
        null,
        null,
        null,
        null,
        null,
        null,
        null,
        null,
        null,
        null,
        null,
        null,
        null,
        1,
        null,
        null,
        null,
        null,
        1,
        null,
        null,
        null,
        null,
        null,
        null,
        null,
        null,
        null,
        null,
        null,
        null,
        null,
        null,
        null,
        null,
        null,
        null,
        null,
        null,
        null,
        null,
        null,
        null,
        null,
        null,
        null,
        null,
        null,
        null,
        1,
        null,
        null,
        null,
        null,
        null,
        null,
        null,
        null,
        null,
        null,
        null,
        null,
        null,
        null,
        1,
        null,
        null,
        null,
        null,
        null,
        null,
        null,
        null,
        null,
        null,
        null,
        null,
        null,
        null,
        null,
        null,
        null,
        null,
        null,
        null,
        null,
        null,
        null,
        null,
        1,
        null,
        null,
        null,
        null,
        null,
        null,
        null,
        null,
        null,
        null,
        null,
        null,
        null,
        null,
        null,
        null,
        null,
        1,
        null,
        null,
        null,
        null,
        null,
        null,
        null,
        null,
        null,
        null,
        null,
        null,
        null,
        null,
        null,
        null,
        null,
        null,
        null,
        null,
        null,
        null,
        null,
        null,
        null,
        null,
        null,
        null,
        null,
        null,
        null,
        null,
        null,
        null,
        null,
        null,
        null,
        null,
        null,
        null,
        null,
        null,
        null,
        null,
        null,
        null,
        null,
        null,
        1,
        null,
        null,
        null,
        null,
        null,
        null,
        null,
        null,
        null,
        null,
        null,
        null,
        null,
        null,
        null,
        null,
        null,
        null,
        null,
        null,
        null,
        null,
        null,
        null,
        null,
        null,
        null,
        null,
        null,
        null,
        null,
        null,
        null,
        null,
        null,
        null,
        null,
        1,
        null,
        null,
        null,
        null,
        null,
        null,
        null,
        null,
        null,
        null,
        null,
        null,
        null,
        null,
        null,
        null,
        null,
        null,
        null,
        null,
        null,
        null,
        null,
        null,
        null,
        null,
        null,
        null,
        null
      ],
      "/Users/lorraynerocha/Dropbox/launchacademy/Beta_Buddy/BetaBuddy/config/initializers/filter_parameter_logging.rb": [
        null,
        null,
        null,
        1
      ],
      "/Users/lorraynerocha/Dropbox/launchacademy/Beta_Buddy/BetaBuddy/config/initializers/inflections.rb": [
        null,
        null,
        null,
        null,
        null,
        null,
        null,
        null,
        null,
        null,
        null,
        null,
        null,
        null,
        null,
        null
      ],
      "/Users/lorraynerocha/Dropbox/launchacademy/Beta_Buddy/BetaBuddy/config/initializers/mime_types.rb": [
        null,
        null,
        null,
        null,
        null
      ],
      "/Users/lorraynerocha/Dropbox/launchacademy/Beta_Buddy/BetaBuddy/config/initializers/secret_token.rb": [
        null,
        null,
        null,
        null,
        null,
        null,
        null,
        null,
        null,
        null,
        null,
        1
      ],
      "/Users/lorraynerocha/Dropbox/launchacademy/Beta_Buddy/BetaBuddy/config/initializers/session_store.rb": [
        null,
        null,
        1
      ],
      "/Users/lorraynerocha/Dropbox/launchacademy/Beta_Buddy/BetaBuddy/config/initializers/wrap_parameters.rb": [
        null,
        null,
        null,
        null,
        null,
        null,
        1,
        1,
        null,
        null,
        null,
        null,
        null,
        null
      ],
      "/Users/lorraynerocha/Dropbox/launchacademy/Beta_Buddy/BetaBuddy/spec/factories/contacts.rb": [
        null,
        null,
        1,
        1,
        1,
        1,
        1,
        1,
        1,
        null,
        null
      ],
      "/Users/lorraynerocha/Dropbox/launchacademy/Beta_Buddy/BetaBuddy/spec/factories/genres.rb": [
        null,
        null,
        1,
        1,
        1,
        null,
        null
      ],
      "/Users/lorraynerocha/Dropbox/launchacademy/Beta_Buddy/BetaBuddy/spec/factories/prose_tags.rb": [
        null,
        null,
        1,
        1,
        1,
        1,
        null,
        null
      ],
      "/Users/lorraynerocha/Dropbox/launchacademy/Beta_Buddy/BetaBuddy/spec/factories/proses.rb": [
        null,
        null,
        1,
        1,
        1,
        1,
        1,
        null,
        null
      ],
      "/Users/lorraynerocha/Dropbox/launchacademy/Beta_Buddy/BetaBuddy/spec/factories/users.rb": [
        null,
        null,
        1,
        1,
        3,
        1,
        3,
        1,
        1,
        1,
        null,
        null
      ],
      "/Users/lorraynerocha/Dropbox/launchacademy/Beta_Buddy/BetaBuddy/config/routes.rb": [
        1,
        1,
        1,
        1,
        null,
        1,
        1,
        null,
        null,
        1,
        null,
        1,
        1,
        null,
        null,
        null,
        null,
        null,
        null,
        null,
        null,
        null,
        null,
        null,
        null,
        null,
        null,
        null,
        null,
        null,
        null,
        null,
        null,
        null,
        null,
        null,
        null,
        null,
        null,
        null,
        null,
        null,
        null,
        null,
        null,
        null,
        null,
        null,
        null,
        null,
        null,
        null,
        null,
        null,
        null,
        null,
        null,
        null,
        null,
        null,
        null,
        null,
        null,
        null,
        null,
        null,
        null,
        null,
        null,
        null
      ],
      "/Users/lorraynerocha/Dropbox/launchacademy/Beta_Buddy/BetaBuddy/app/models/user.rb": [
        1,
        null,
        null,
        1,
        null,
        1,
        1,
        1,
        1,
        1,
        null,
        1,
        null,
        1,
        0,
        null,
        null
      ],
      "/Users/lorraynerocha/Dropbox/launchacademy/Beta_Buddy/BetaBuddy/app/helpers/application_helper.rb": [
        1,
        null
      ],
      "/Users/lorraynerocha/Dropbox/launchacademy/Beta_Buddy/BetaBuddy/app/models/prose.rb": [
        1,
        1,
        null,
        1,
        null,
        null,
        1,
        null,
        1,
        1,
        null,
        1,
        1,
        null,
        null,
        1,
        0,
        0,
        null,
        0,
        null,
        0,
        null,
        null,
        1,
        0,
        0,
        null,
        0,
        0,
        null,
        null,
        null,
        1,
        0,
        null,
        0,
        null,
        0,
        null,
        null,
        null,
        1,
        3,
        null,
        null,
        1,
        null,
        1,
        0,
        null,
        null,
        1,
        0,
        0,
        null,
        null,
        1,
        0,
        null,
        null,
        null
      ],
      "/Users/lorraynerocha/Dropbox/launchacademy/Beta_Buddy/BetaBuddy/app/controllers/welcomes_controller.rb": [
        1,
        1,
        2,
        null,
        null
      ],
      "/Users/lorraynerocha/Dropbox/launchacademy/Beta_Buddy/BetaBuddy/app/controllers/application_controller.rb": [
        1,
        null,
        null,
        1,
        null,
        1,
        null,
        1,
        null,
        1,
        0,
        null,
        null
      ],
      "/Users/lorraynerocha/Dropbox/launchacademy/Beta_Buddy/BetaBuddy/app/models/welcome.rb": [
        1,
        null,
        1,
        2,
        null,
        null,
        null
      ],
      "/Users/lorraynerocha/Dropbox/launchacademy/Beta_Buddy/BetaBuddy/app/controllers/proses_controller.rb": [
        1,
        1,
        1,
        null,
        1,
        0,
        null,
        null,
        1,
        0,
        0,
        null,
        null,
        1,
        0,
        0,
        0,
        0,
        0,
        0,
        null,
        0,
        null,
        0,
        null,
        null,
        null,
        1,
        1,
        null,
        null,
        null,
        null,
        null,
        1,
        null,
        null,
        1,
        0,
        0,
        null,
        0,
        null,
        null,
        null,
        1,
        0,
        0,
        0,
        0,
        0,
        null,
        0,
        0,
        null,
        0,
        0,
        null,
        null,
        0,
        null,
        null,
        null,
        1,
        0,
        0,
        0,
        0,
        null,
        0,
        null,
        null,
        0,
        null,
        0,
        null,
        null,
        1,
        1,
        0,
        null,
        null,
        1,
        1,
        null,
        null,
        1,
        0,
        null,
        null,
        1,
        0,
        null,
        null,
        null
      ],
      "/Users/lorraynerocha/Dropbox/launchacademy/Beta_Buddy/BetaBuddy/app/models/prose_tag.rb": [
        1,
        1,
        1,
        null
      ],
      "/Users/lorraynerocha/Dropbox/launchacademy/Beta_Buddy/BetaBuddy/app/models/genre.rb": [
        1,
        1,
        null,
        1,
        null,
        null,
        1,
        null,
        null
      ]
    },
    "timestamp": 1389828439
  }
}
