{
  "RSpec": {
    "coverage": {
      "/Users/lorraynerocha/dropbox/launchacademy/Beta_Buddy/BetaBuddy/config/environment.rb": [
        null,
        1,
        null,
        null,
        1
      ],
      "/Users/lorraynerocha/dropbox/launchacademy/Beta_Buddy/BetaBuddy/config/application.rb": [
        1,
        null,
        null,
        1,
        1,
        1,
        1,
        null,
        null,
        null,
        null,
        1,
        null,
        1,
        1,
        1,
        null,
        null,
        null,
        null,
        null,
        null,
        null,
        null,
        null,
        null,
        null,
        null,
        null
      ],
      "/Users/lorraynerocha/dropbox/launchacademy/Beta_Buddy/BetaBuddy/config/boot.rb": [
        null,
        1,
        null,
        1
      ],
      "/Users/lorraynerocha/dropbox/launchacademy/Beta_Buddy/BetaBuddy/config/environments/test.rb": [
        1,
        null,
        null,
        null,
        null,
        null,
        null,
        1,
        null,
        null,
        null,
        null,
        1,
        null,
        null,
        1,
        1,
        null,
        null,
        1,
        1,
        null,
        null,
        1,
        null,
        null,
        1,
        null,
        null,
        null,
        null,
        1,
        null,
        null,
        1,
        null
      ],
      "/Users/lorraynerocha/dropbox/launchacademy/Beta_Buddy/BetaBuddy/config/initializers/backtrace_silencers.rb": [
        null,
        null,
        null,
        null,
        null,
        null,
        null
      ],
      "/Users/lorraynerocha/dropbox/launchacademy/Beta_Buddy/BetaBuddy/config/initializers/devise.rb": [
        null,
        null,
        1,
        null,
        null,
        null,
        1,
        null,
        null,
        null,
        null,
        null,
        1,
        null,
        null,
        null,
        null,
        null,
        null,
        null,
        null,
        1,
        null,
        null,
        null,
        null,
        null,
        null,
        null,
        null,
        null,
        null,
        null,
        null,
        null,
        null,
        null,
        null,
        null,
        null,
        null,
        null,
        null,
        1,
        null,
        null,
        null,
        null,
        1,
        null,
        null,
        null,
        null,
        null,
        null,
        null,
        null,
        null,
        null,
        null,
        null,
        null,
        null,
        null,
        null,
        null,
        null,
        null,
        null,
        null,
        null,
        null,
        null,
        null,
        null,
        null,
        null,
        null,
        null,
        1,
        null,
        null,
        null,
        null,
        null,
        null,
        null,
        null,
        null,
        null,
        null,
        null,
        null,
        null,
        1,
        null,
        null,
        null,
        null,
        null,
        null,
        null,
        null,
        null,
        null,
        null,
        null,
        null,
        null,
        null,
        null,
        null,
        null,
        null,
        null,
        null,
        null,
        null,
        null,
        1,
        null,
        null,
        null,
        null,
        null,
        null,
        null,
        null,
        null,
        null,
        null,
        null,
        null,
        null,
        null,
        null,
        null,
        1,
        null,
        null,
        null,
        null,
        null,
        null,
        null,
        null,
        null,
        null,
        null,
        null,
        null,
        null,
        null,
        null,
        null,
        null,
        null,
        null,
        null,
        null,
        null,
        null,
        null,
        null,
        null,
        null,
        null,
        null,
        null,
        null,
        null,
        null,
        null,
        null,
        null,
        null,
        null,
        null,
        null,
        null,
        null,
        null,
        null,
        null,
        null,
        null,
        1,
        null,
        null,
        null,
        null,
        null,
        null,
        null,
        null,
        null,
        null,
        null,
        null,
        null,
        null,
        null,
        null,
        null,
        null,
        null,
        null,
        null,
        null,
        null,
        null,
        null,
        null,
        null,
        null,
        null,
        null,
        null,
        null,
        null,
        null,
        null,
        null,
        null,
        1,
        null,
        null,
        null,
        null,
        null,
        null,
        null,
        null,
        null,
        null,
        null,
        null,
        null,
        null,
        null,
        null,
        null,
        null,
        null,
        null,
        null,
        null,
        null,
        null,
        null,
        null,
        null,
        null,
        null
      ],
      "/Users/lorraynerocha/dropbox/launchacademy/Beta_Buddy/BetaBuddy/config/initializers/filter_parameter_logging.rb": [
        null,
        null,
        null,
        1
      ],
      "/Users/lorraynerocha/dropbox/launchacademy/Beta_Buddy/BetaBuddy/config/initializers/inflections.rb": [
        null,
        null,
        null,
        null,
        null,
        null,
        null,
        null,
        null,
        null,
        null,
        null,
        null,
        null,
        null,
        null
      ],
      "/Users/lorraynerocha/dropbox/launchacademy/Beta_Buddy/BetaBuddy/config/initializers/mime_types.rb": [
        null,
        null,
        null,
        null,
        null
      ],
      "/Users/lorraynerocha/dropbox/launchacademy/Beta_Buddy/BetaBuddy/config/initializers/secret_token.rb": [
        null,
        null,
        null,
        null,
        null,
        null,
        null,
        null,
        null,
        null,
        null,
        1
      ],
      "/Users/lorraynerocha/dropbox/launchacademy/Beta_Buddy/BetaBuddy/config/initializers/session_store.rb": [
        null,
        null,
        1
      ],
      "/Users/lorraynerocha/dropbox/launchacademy/Beta_Buddy/BetaBuddy/config/initializers/wrap_parameters.rb": [
        null,
        null,
        null,
        null,
        null,
        null,
        1,
        1,
        null,
        null,
        null,
        null,
        null,
        null
      ],
      "/Users/lorraynerocha/dropbox/launchacademy/Beta_Buddy/BetaBuddy/spec/factories/contacts.rb": [
        null,
        null,
        1,
        1,
        4,
        1,
        4,
        1,
        1,
        null,
        null
      ],
      "/Users/lorraynerocha/dropbox/launchacademy/Beta_Buddy/BetaBuddy/spec/factories/genres.rb": [
        null,
        null,
        1,
        1,
        1,
        null,
        null
      ],
      "/Users/lorraynerocha/dropbox/launchacademy/Beta_Buddy/BetaBuddy/spec/factories/prose_tags.rb": [
        null,
        null,
        1,
        1,
        1,
        1,
        null,
        null
      ],
      "/Users/lorraynerocha/dropbox/launchacademy/Beta_Buddy/BetaBuddy/spec/factories/proses.rb": [
        null,
        null,
        1,
        1,
        1,
        1,
        1,
        null,
        null
      ],
      "/Users/lorraynerocha/dropbox/launchacademy/Beta_Buddy/BetaBuddy/spec/factories/quotes.rb": [
        null,
        null,
        1,
        1,
        1,
        1,
        null,
        null
      ],
      "/Users/lorraynerocha/dropbox/launchacademy/Beta_Buddy/BetaBuddy/spec/factories/users.rb": [
        null,
        null,
        1,
        1,
        50,
        1,
        55,
        1,
        1,
        1,
        null,
        null
      ],
      "/Users/lorraynerocha/dropbox/launchacademy/Beta_Buddy/BetaBuddy/config/routes.rb": [
        1,
        1,
        1,
        1,
        null,
        1,
        1,
        null,
        null,
        1,
        null,
        1,
        1,
        null,
        null,
        null,
        null,
        null,
        null,
        null,
        null,
        null,
        null,
        null,
        null,
        null,
        null,
        null,
        null,
        null,
        null,
        null,
        null,
        null,
        null,
        null,
        null,
        null,
        null,
        null,
        null,
        null,
        null,
        null,
        null,
        null,
        null,
        null,
        null,
        null,
        null,
        null,
        null,
        null,
        null,
        null,
        null,
        null,
        null,
        null,
        null,
        null,
        null,
        null,
        null,
        null,
        null,
        null,
        null,
        null
      ],
      "/Users/lorraynerocha/dropbox/launchacademy/Beta_Buddy/BetaBuddy/app/models/user.rb": [
        1,
        null,
        null,
        1,
        null,
        1,
        1,
        1,
        1,
        1,
        null,
        1,
        null,
        1,
        4,
        null,
        null
      ],
      "/Users/lorraynerocha/dropbox/launchacademy/Beta_Buddy/BetaBuddy/app/helpers/application_helper.rb": [
        1,
        null
      ],
      "/Users/lorraynerocha/dropbox/launchacademy/Beta_Buddy/BetaBuddy/spec/features/prose_features/authenticated_user_can_upload_prose_spec.rb": [
        1,
        null,
        1,
        null,
        null,
        null,
        null,
        null,
        null,
        null,
        null,
        null,
        null,
        null,
        null,
        6,
        8,
        null,
        1,
        5,
        5,
        5,
        5,
        null,
        null,
        1,
        1,
        1,
        null,
        1,
        1,
        null,
        null,
        1,
        1,
        1,
        null,
        null,
        null,
        1,
        1,
        1,
        null,
        1,
        1,
        1,
        1,
        1,
        null,
        null,
        1,
        1,
        null,
        1,
        1,
        1,
        1,
        1,
        1,
        1,
        null,
        null,
        1,
        1,
        null,
        1,
        1,
        1,
        1,
        null,
        null,
        null,
        1,
        1,
        1,
        null,
        1,
        1,
        null,
        null,
        1,
        1,
        1,
        null,
        null,
        null
      ],
      "/Users/lorraynerocha/dropbox/launchacademy/Beta_Buddy/BetaBuddy/spec/features/prose_features/user_can_destroy_own_work_spec.rb": [
        1,
        null,
        1,
        null,
        null,
        null,
        null,
        null,
        null,
        4,
        4,
        null,
        1,
        2,
        2,
        2,
        2,
        null,
        null,
        1,
        1,
        1,
        1,
        null,
        1,
        1,
        null,
        null,
        1,
        1,
        1,
        1,
        1,
        null,
        null,
        1,
        1,
        1,
        null,
        null
      ],
      "/Users/lorraynerocha/dropbox/launchacademy/Beta_Buddy/BetaBuddy/spec/features/prose_features/user_can_edit_a_prose_spec.rb": [
        1,
        null,
        1,
        null,
        null,
        null,
        null,
        null,
        null,
        null,
        null,
        null,
        null,
        null,
        7,
        7,
        7,
        7,
        1,
        6,
        6,
        6,
        6,
        null,
        null,
        1,
        1,
        1,
        1,
        null,
        1,
        1,
        1,
        1,
        null,
        null,
        1,
        1,
        1,
        1,
        1,
        null,
        1,
        1,
        1,
        1,
        null,
        null,
        1,
        1,
        1,
        1,
        null,
        1,
        1,
        1,
        null,
        null,
        1,
        1,
        1,
        1,
        1,
        null,
        1,
        1,
        1,
        null,
        null,
        null,
        null,
        1,
        1,
        1,
        1,
        1,
        null,
        1,
        1,
        1,
        1,
        null,
        null,
        1,
        1,
        1,
        1,
        null,
        1,
        null,
        1,
        1,
        1,
        null,
        1,
        null,
        null,
        null,
        null,
        null
      ],
      "/Users/lorraynerocha/dropbox/launchacademy/Beta_Buddy/BetaBuddy/spec/features/prose_features/user_can_search_for_proses_spec.rb": [
        1,
        null,
        1,
        null,
        null,
        null,
        null,
        null,
        6,
        5,
        3,
        3,
        null,
        1,
        1,
        1,
        1,
        null,
        1,
        1,
        1,
        null,
        1,
        null,
        null,
        1,
        1,
        1,
        1,
        null,
        1,
        1,
        1,
        null,
        1,
        null,
        null,
        1,
        1,
        1,
        1,
        null,
        1,
        1,
        null,
        null,
        1,
        1,
        1,
        null,
        1,
        1,
        1,
        null,
        1,
        1,
        null,
        null,
        1,
        1,
        1,
        1,
        null,
        1,
        1,
        1,
        1,
        null,
        1,
        1,
        null,
        null,
        null
      ],
      "/Users/lorraynerocha/dropbox/launchacademy/Beta_Buddy/BetaBuddy/spec/features/site_staff_recieves_an_email_when_contacted_spec.rb": [
        1,
        null,
        1,
        null,
        null,
        null,
        null,
        null,
        null,
        null,
        null,
        1,
        1,
        1,
        null,
        1,
        1,
        1,
        1,
        1,
        null,
        1,
        1,
        1,
        1,
        1,
        1,
        null,
        1,
        1,
        1,
        1,
        1,
        1,
        1,
        null,
        null,
        4,
        2,
        2,
        1,
        1,
        1,
        1,
        1,
        null,
        1,
        1,
        1,
        1,
        null,
        null,
        1,
        1,
        1,
        1,
        1,
        null,
        1,
        1,
        null,
        null,
        null
      ],
      "/Users/lorraynerocha/dropbox/launchacademy/Beta_Buddy/BetaBuddy/spec/features/user_can_register_spec.rb": [
        1,
        null,
        1,
        null,
        null,
        null,
        null,
        null,
        null,
        null,
        null,
        null,
        null,
        null,
        4,
        null,
        1,
        1,
        1,
        1,
        1,
        1,
        null,
        1,
        1,
        null,
        null,
        1,
        1,
        1,
        1,
        null,
        1,
        null,
        null,
        1,
        1,
        1,
        1,
        1,
        1,
        null,
        1,
        1,
        null,
        null,
        1,
        1,
        null,
        1,
        1,
        1,
        1,
        1,
        1,
        null,
        1,
        null,
        null,
        null,
        null
      ],
      "/Users/lorraynerocha/dropbox/launchacademy/Beta_Buddy/BetaBuddy/spec/features/user_can_see_random_prose_spec.rb": [
        1,
        null,
        1,
        null,
        null,
        null,
        null,
        null,
        3,
        null,
        1,
        1,
        null,
        1,
        null,
        null,
        1,
        1,
        1,
        null,
        1,
        1,
        null,
        null
      ],
      "/Users/lorraynerocha/dropbox/launchacademy/Beta_Buddy/BetaBuddy/spec/features/user_can_sign_in_spec.rb": [
        1,
        null,
        1,
        null,
        null,
        null,
        null,
        6,
        null,
        1,
        3,
        3,
        null,
        3,
        3,
        null,
        3,
        null,
        null,
        null,
        1,
        1,
        1,
        null,
        null,
        1,
        1,
        1,
        1,
        null,
        null,
        1,
        1,
        1,
        1,
        null,
        null,
        null,
        1,
        null,
        1,
        1,
        1,
        null,
        1,
        1,
        1,
        1,
        null,
        null,
        1,
        1,
        1,
        null,
        1,
        1,
        1,
        1,
        null,
        null,
        null,
        null
      ],
      "/Users/lorraynerocha/dropbox/launchacademy/Beta_Buddy/BetaBuddy/spec/features/visitor_can_submit_contact_form_spec.rb": [
        1,
        null,
        1,
        null,
        null,
        null,
        null,
        null,
        null,
        null,
        null,
        null,
        null,
        1,
        1,
        null,
        1,
        1,
        1,
        1,
        1,
        1,
        null,
        1,
        1,
        null,
        null,
        1,
        1,
        1,
        null,
        1,
        null,
        null
      ],
      "/Users/lorraynerocha/dropbox/launchacademy/Beta_Buddy/BetaBuddy/spec/models/contact_spec.rb": [
        1,
        null,
        1,
        6,
        null,
        2,
        2,
        null,
        2,
        2,
        null,
        2,
        2,
        2,
        null,
        2,
        2,
        null,
        2,
        2,
        null,
        null
      ],
      "/Users/lorraynerocha/dropbox/launchacademy/Beta_Buddy/BetaBuddy/app/models/contact.rb": [
        1,
        1,
        1,
        1,
        1,
        1,
        null
      ],
      "/Users/lorraynerocha/dropbox/launchacademy/Beta_Buddy/BetaBuddy/spec/models/genre_spec.rb": [
        1,
        null,
        1,
        null,
        2,
        2,
        null,
        null,
        2,
        2,
        null,
        1,
        1,
        1,
        1,
        null,
        1,
        1,
        1,
        null,
        null
      ],
      "/Users/lorraynerocha/dropbox/launchacademy/Beta_Buddy/BetaBuddy/app/models/genre.rb": [
        1,
        1,
        null,
        1,
        null,
        null,
        1,
        null,
        null
      ],
      "/Users/lorraynerocha/dropbox/launchacademy/Beta_Buddy/BetaBuddy/spec/models/prose_spec.rb": [
        1,
        null,
        1,
        null,
        2,
        2,
        2,
        null,
        2,
        2,
        null,
        6,
        11,
        11,
        null,
        1,
        null,
        1,
        1,
        1,
        null,
        null,
        1,
        1,
        1,
        1,
        1,
        null,
        1,
        null,
        null,
        1,
        1,
        1,
        null,
        1,
        1,
        1,
        null,
        1,
        null,
        null,
        1,
        1,
        1,
        1,
        1,
        null,
        1,
        1,
        null,
        1,
        1,
        1,
        null,
        null,
        1,
        1,
        1,
        null,
        1,
        null,
        null,
        null
      ],
      "/Users/lorraynerocha/dropbox/launchacademy/Beta_Buddy/BetaBuddy/app/models/prose.rb": [
        1,
        1,
        null,
        1,
        null,
        null,
        1,
        null,
        1,
        1,
        null,
        1,
        16,
        null,
        null,
        1,
        15,
        8,
        null,
        7,
        null,
        15,
        null,
        null,
        1,
        2,
        1,
        null,
        1,
        1,
        null,
        null,
        null,
        1,
        15,
        null,
        5,
        null,
        10,
        null,
        null,
        null,
        1,
        104,
        null,
        null,
        1,
        null,
        1,
        1,
        null,
        null,
        1,
        1,
        1,
        null,
        null,
        1,
        0,
        null,
        null,
        null
      ],
      "/Users/lorraynerocha/dropbox/launchacademy/Beta_Buddy/BetaBuddy/spec/models/prose_tag_spec.rb": [
        1,
        null,
        1,
        null,
        2,
        2,
        null,
        3,
        5,
        null,
        1,
        1,
        1,
        1,
        1,
        null,
        1,
        1,
        1,
        1,
        null,
        null,
        1,
        1,
        1,
        1,
        1,
        null,
        1,
        1,
        1,
        1,
        null,
        null
      ],
      "/Users/lorraynerocha/dropbox/launchacademy/Beta_Buddy/BetaBuddy/app/models/prose_tag.rb": [
        1,
        1,
        1,
        null
      ],
      "/Users/lorraynerocha/dropbox/launchacademy/Beta_Buddy/BetaBuddy/spec/models/quote_spec.rb": [
        1,
        null,
        1,
        1,
        1,
        1,
        null,
        null
      ],
      "/Users/lorraynerocha/dropbox/launchacademy/Beta_Buddy/BetaBuddy/app/models/quote.rb": [
        1,
        null,
        1,
        32,
        null,
        null
      ],
      "/Users/lorraynerocha/dropbox/launchacademy/Beta_Buddy/BetaBuddy/spec/models/user_spec.rb": [
        1,
        null,
        1,
        null,
        2,
        2,
        2,
        2,
        2,
        2,
        null,
        1,
        1,
        1,
        null,
        null,
        null
      ],
      "/Users/lorraynerocha/dropbox/launchacademy/Beta_Buddy/BetaBuddy/app/controllers/proses_controller.rb": [
        1,
        1,
        1,
        null,
        1,
        1,
        null,
        null,
        1,
        4,
        4,
        null,
        null,
        1,
        3,
        3,
        3,
        3,
        2,
        2,
        null,
        2,
        null,
        1,
        null,
        null,
        null,
        1,
        16,
        null,
        null,
        null,
        null,
        null,
        1,
        null,
        null,
        1,
        1,
        1,
        null,
        0,
        null,
        null,
        null,
        1,
        4,
        4,
        4,
        3,
        2,
        null,
        3,
        3,
        null,
        1,
        1,
        null,
        null,
        0,
        null,
        null,
        null,
        1,
        10,
        5,
        5,
        2,
        null,
        3,
        null,
        null,
        5,
        null,
        10,
        null,
        null,
        1,
        1,
        4,
        null,
        null,
        1,
        25,
        null,
        null,
        1,
        0,
        null,
        null,
        1,
        7,
        null,
        null,
        null
      ],
      "/Users/lorraynerocha/dropbox/launchacademy/Beta_Buddy/BetaBuddy/app/controllers/application_controller.rb": [
        1,
        null,
        null,
        1,
        null,
        1,
        null,
        1,
        null,
        1,
        51,
        null,
        null
      ],
      "/Users/lorraynerocha/dropbox/launchacademy/Beta_Buddy/BetaBuddy/app/controllers/welcomes_controller.rb": [
        1,
        1,
        31,
        null,
        null
      ],
      "/Users/lorraynerocha/dropbox/launchacademy/Beta_Buddy/BetaBuddy/app/controllers/contacts_controller.rb": [
        1,
        1,
        1,
        3,
        null,
        null,
        1,
        3,
        3,
        2,
        2,
        null,
        1,
        null,
        null,
        null,
        1,
        1,
        null,
        null,
        1,
        1,
        null,
        null,
        1,
        null,
        1,
        3,
        null,
        null,
        1,
        3,
        null,
        null
      ],
      "/Users/lorraynerocha/dropbox/launchacademy/Beta_Buddy/BetaBuddy/app/mailers/viewer_contacts.rb": [
        1,
        1,
        null,
        1,
        null,
        null,
        null,
        null,
        null,
        null,
        1,
        2,
        null,
        2,
        null,
        null,
        null,
        null
      ]
    },
    "timestamp": 1389977204
  }
}
